mode: atomic
github.com/moleculer-go/example-whatsapp/services/chat.service.go:14.79,16.19 2 0
github.com/moleculer-go/example-whatsapp/services/chat.service.go:20.5,29.19 4 0
github.com/moleculer-go/example-whatsapp/services/chat.service.go:33.5,35.6 1 0
github.com/moleculer-go/example-whatsapp/services/chat.service.go:16.19,19.6 2 0
github.com/moleculer-go/example-whatsapp/services/chat.service.go:29.19,32.6 2 0
github.com/moleculer-go/example-whatsapp/services/login.service.go:18.67,20.16 2 0
github.com/moleculer-go/example-whatsapp/services/login.service.go:23.2,25.16 3 0
github.com/moleculer-go/example-whatsapp/services/login.service.go:28.2,28.24 1 0
github.com/moleculer-go/example-whatsapp/services/login.service.go:20.16,22.3 1 0
github.com/moleculer-go/example-whatsapp/services/login.service.go:25.16,27.3 1 0
github.com/moleculer-go/example-whatsapp/services/login.service.go:37.58,38.22 1 0
github.com/moleculer-go/example-whatsapp/services/login.service.go:41.2,41.20 1 0
github.com/moleculer-go/example-whatsapp/services/login.service.go:38.22,40.3 1 0
github.com/moleculer-go/example-whatsapp/services/login.service.go:45.37,49.17 4 0
github.com/moleculer-go/example-whatsapp/services/login.service.go:52.2,53.12 2 0
github.com/moleculer-go/example-whatsapp/services/login.service.go:49.17,51.3 1 0
github.com/moleculer-go/example-whatsapp/services/login.service.go:56.78,61.2 2 0
github.com/moleculer-go/example-whatsapp/services/login.service.go:63.86,69.23 2 0
github.com/moleculer-go/example-whatsapp/services/login.service.go:72.2,72.45 1 0
github.com/moleculer-go/example-whatsapp/services/login.service.go:76.2,77.23 2 0
github.com/moleculer-go/example-whatsapp/services/login.service.go:80.2,80.50 1 0
github.com/moleculer-go/example-whatsapp/services/login.service.go:69.23,71.3 1 0
github.com/moleculer-go/example-whatsapp/services/login.service.go:72.45,75.3 2 0
github.com/moleculer-go/example-whatsapp/services/login.service.go:77.23,79.3 1 0
github.com/moleculer-go/example-whatsapp/services/login.service.go:83.81,89.44 2 0
github.com/moleculer-go/example-whatsapp/services/login.service.go:92.2,92.37 1 0
github.com/moleculer-go/example-whatsapp/services/login.service.go:96.2,96.39 1 0
github.com/moleculer-go/example-whatsapp/services/login.service.go:89.44,91.3 1 0
github.com/moleculer-go/example-whatsapp/services/login.service.go:92.37,95.3 2 0
github.com/moleculer-go/example-whatsapp/services/login.service.go:100.61,102.16 2 0
github.com/moleculer-go/example-whatsapp/services/login.service.go:105.2,107.16 3 0
github.com/moleculer-go/example-whatsapp/services/login.service.go:110.2,111.16 2 0
github.com/moleculer-go/example-whatsapp/services/login.service.go:114.2,114.18 1 0
github.com/moleculer-go/example-whatsapp/services/login.service.go:102.16,104.3 1 0
github.com/moleculer-go/example-whatsapp/services/login.service.go:107.16,109.3 1 0
github.com/moleculer-go/example-whatsapp/services/login.service.go:111.16,113.3 1 0
github.com/moleculer-go/example-whatsapp/services/login.service.go:118.81,121.16 3 0
github.com/moleculer-go/example-whatsapp/services/login.service.go:124.2,126.16 3 0
github.com/moleculer-go/example-whatsapp/services/login.service.go:130.2,130.21 1 0
github.com/moleculer-go/example-whatsapp/services/login.service.go:121.16,123.3 1 0
github.com/moleculer-go/example-whatsapp/services/login.service.go:126.16,129.3 2 0
github.com/moleculer-go/example-whatsapp/services/login.service.go:134.88,139.16 5 0
github.com/moleculer-go/example-whatsapp/services/login.service.go:142.2,142.12 1 0
github.com/moleculer-go/example-whatsapp/services/login.service.go:139.16,141.3 1 0
github.com/moleculer-go/example-whatsapp/services/login.service.go:146.113,149.16 3 0
github.com/moleculer-go/example-whatsapp/services/login.service.go:153.2,154.16 2 0
github.com/moleculer-go/example-whatsapp/services/login.service.go:158.2,159.16 2 0
github.com/moleculer-go/example-whatsapp/services/login.service.go:163.2,164.26 2 0
github.com/moleculer-go/example-whatsapp/services/login.service.go:149.16,152.3 2 0
github.com/moleculer-go/example-whatsapp/services/login.service.go:154.16,157.3 2 0
github.com/moleculer-go/example-whatsapp/services/login.service.go:159.16,162.3 2 0
github.com/moleculer-go/example-whatsapp/services/login.service.go:172.79,174.19 2 0
github.com/moleculer-go/example-whatsapp/services/login.service.go:177.5,180.15 3 0
github.com/moleculer-go/example-whatsapp/services/login.service.go:199.5,200.45 2 0
github.com/moleculer-go/example-whatsapp/services/login.service.go:174.19,176.6 1 0
github.com/moleculer-go/example-whatsapp/services/login.service.go:180.15,183.20 3 0
github.com/moleculer-go/example-whatsapp/services/login.service.go:188.6,190.20 3 0
github.com/moleculer-go/example-whatsapp/services/login.service.go:195.6,196.88 2 0
github.com/moleculer-go/example-whatsapp/services/login.service.go:183.20,187.7 3 0
github.com/moleculer-go/example-whatsapp/services/login.service.go:190.20,194.7 3 0
