mode: atomic
github.com/moleculer-go/example-whatsapp/services/contacts.service.go:36.81,40.16 4 0
github.com/moleculer-go/example-whatsapp/services/contacts.service.go:44.2,45.16 2 0
github.com/moleculer-go/example-whatsapp/services/contacts.service.go:49.2,52.16 3 0
github.com/moleculer-go/example-whatsapp/services/contacts.service.go:56.2,64.4 3 0
github.com/moleculer-go/example-whatsapp/services/contacts.service.go:40.16,43.3 2 0
github.com/moleculer-go/example-whatsapp/services/contacts.service.go:45.16,48.3 2 0
github.com/moleculer-go/example-whatsapp/services/contacts.service.go:52.16,55.3 2 0
github.com/moleculer-go/example-whatsapp/services/contacts.service.go:67.37,69.13 2 6
github.com/moleculer-go/example-whatsapp/services/contacts.service.go:72.2,73.13 2 4
github.com/moleculer-go/example-whatsapp/services/contacts.service.go:76.2,76.18 1 2
github.com/moleculer-go/example-whatsapp/services/contacts.service.go:69.13,71.3 1 2
github.com/moleculer-go/example-whatsapp/services/contacts.service.go:73.13,75.3 1 2
github.com/moleculer-go/example-whatsapp/services/contacts.service.go:79.75,88.32 5 0
github.com/moleculer-go/example-whatsapp/services/contacts.service.go:92.2,100.4 2 0
github.com/moleculer-go/example-whatsapp/services/contacts.service.go:88.32,91.3 1 0
github.com/moleculer-go/example-whatsapp/services/login.service.go:17.67,19.16 2 0
github.com/moleculer-go/example-whatsapp/services/login.service.go:22.2,24.16 3 0
github.com/moleculer-go/example-whatsapp/services/login.service.go:27.2,27.24 1 0
github.com/moleculer-go/example-whatsapp/services/login.service.go:19.16,21.3 1 0
github.com/moleculer-go/example-whatsapp/services/login.service.go:24.16,26.3 1 0
github.com/moleculer-go/example-whatsapp/services/login.service.go:36.58,37.22 1 0
github.com/moleculer-go/example-whatsapp/services/login.service.go:40.2,40.20 1 0
github.com/moleculer-go/example-whatsapp/services/login.service.go:37.22,39.3 1 0
github.com/moleculer-go/example-whatsapp/services/login.service.go:44.37,48.17 4 0
github.com/moleculer-go/example-whatsapp/services/login.service.go:51.2,52.12 2 0
github.com/moleculer-go/example-whatsapp/services/login.service.go:48.17,50.3 1 0
github.com/moleculer-go/example-whatsapp/services/login.service.go:55.78,60.2 2 0
github.com/moleculer-go/example-whatsapp/services/login.service.go:62.86,68.23 2 0
github.com/moleculer-go/example-whatsapp/services/login.service.go:71.2,71.45 1 0
github.com/moleculer-go/example-whatsapp/services/login.service.go:75.2,76.23 2 0
github.com/moleculer-go/example-whatsapp/services/login.service.go:79.2,79.50 1 0
github.com/moleculer-go/example-whatsapp/services/login.service.go:68.23,70.3 1 0
github.com/moleculer-go/example-whatsapp/services/login.service.go:71.45,74.3 2 0
github.com/moleculer-go/example-whatsapp/services/login.service.go:76.23,78.3 1 0
github.com/moleculer-go/example-whatsapp/services/login.service.go:82.81,88.44 2 0
github.com/moleculer-go/example-whatsapp/services/login.service.go:91.2,91.37 1 0
github.com/moleculer-go/example-whatsapp/services/login.service.go:95.2,95.39 1 0
github.com/moleculer-go/example-whatsapp/services/login.service.go:88.44,90.3 1 0
github.com/moleculer-go/example-whatsapp/services/login.service.go:91.37,94.3 2 0
github.com/moleculer-go/example-whatsapp/services/login.service.go:99.61,101.16 2 0
github.com/moleculer-go/example-whatsapp/services/login.service.go:104.2,106.16 3 0
github.com/moleculer-go/example-whatsapp/services/login.service.go:109.2,110.16 2 0
github.com/moleculer-go/example-whatsapp/services/login.service.go:113.2,113.18 1 0
github.com/moleculer-go/example-whatsapp/services/login.service.go:101.16,103.3 1 0
github.com/moleculer-go/example-whatsapp/services/login.service.go:106.16,108.3 1 0
github.com/moleculer-go/example-whatsapp/services/login.service.go:110.16,112.3 1 0
github.com/moleculer-go/example-whatsapp/services/login.service.go:117.81,120.16 3 0
github.com/moleculer-go/example-whatsapp/services/login.service.go:123.2,125.16 3 0
github.com/moleculer-go/example-whatsapp/services/login.service.go:129.2,129.21 1 0
github.com/moleculer-go/example-whatsapp/services/login.service.go:120.16,122.3 1 0
github.com/moleculer-go/example-whatsapp/services/login.service.go:125.16,128.3 2 0
github.com/moleculer-go/example-whatsapp/services/login.service.go:133.88,138.16 5 0
github.com/moleculer-go/example-whatsapp/services/login.service.go:141.2,141.12 1 0
github.com/moleculer-go/example-whatsapp/services/login.service.go:138.16,140.3 1 0
github.com/moleculer-go/example-whatsapp/services/login.service.go:149.79,151.19 2 0
github.com/moleculer-go/example-whatsapp/services/login.service.go:154.5,156.15 3 0
github.com/moleculer-go/example-whatsapp/services/login.service.go:175.5,176.45 2 0
github.com/moleculer-go/example-whatsapp/services/login.service.go:151.19,153.6 1 0
github.com/moleculer-go/example-whatsapp/services/login.service.go:156.15,159.20 3 0
github.com/moleculer-go/example-whatsapp/services/login.service.go:164.6,166.20 3 0
github.com/moleculer-go/example-whatsapp/services/login.service.go:171.6,172.88 2 0
github.com/moleculer-go/example-whatsapp/services/login.service.go:159.20,163.7 3 0
github.com/moleculer-go/example-whatsapp/services/login.service.go:166.20,170.7 3 0
github.com/moleculer-go/example-whatsapp/services/whatsapp.go:17.20,18.24 1 0
github.com/moleculer-go/example-whatsapp/services/whatsapp.go:18.24,20.69 2 0
github.com/moleculer-go/example-whatsapp/services/whatsapp.go:20.69,23.18 3 0
github.com/moleculer-go/example-whatsapp/services/whatsapp.go:23.18,25.5 1 0
github.com/moleculer-go/example-whatsapp/services/whatsapp.go:30.60,33.12 3 0
github.com/moleculer-go/example-whatsapp/services/whatsapp.go:36.2,37.9 2 0
github.com/moleculer-go/example-whatsapp/services/whatsapp.go:40.2,40.18 1 0
github.com/moleculer-go/example-whatsapp/services/whatsapp.go:33.12,35.3 1 0
github.com/moleculer-go/example-whatsapp/services/whatsapp.go:37.9,39.3 1 0
github.com/moleculer-go/example-whatsapp/services/whatsapp.go:43.64,45.16 2 0
github.com/moleculer-go/example-whatsapp/services/whatsapp.go:48.2,49.16 2 0
github.com/moleculer-go/example-whatsapp/services/whatsapp.go:52.2,52.17 1 0
github.com/moleculer-go/example-whatsapp/services/whatsapp.go:45.16,47.3 1 0
github.com/moleculer-go/example-whatsapp/services/whatsapp.go:49.16,51.3 1 0
github.com/moleculer-go/example-whatsapp/services/whatsapp.go:56.104,58.16 2 0
github.com/moleculer-go/example-whatsapp/services/whatsapp.go:62.2,63.16 2 0
github.com/moleculer-go/example-whatsapp/services/whatsapp.go:67.2,68.16 2 0
github.com/moleculer-go/example-whatsapp/services/whatsapp.go:72.2,73.26 2 0
github.com/moleculer-go/example-whatsapp/services/whatsapp.go:58.16,61.3 2 0
github.com/moleculer-go/example-whatsapp/services/whatsapp.go:63.16,66.3 2 0
github.com/moleculer-go/example-whatsapp/services/whatsapp.go:68.16,71.3 2 0
github.com/moleculer-go/example-whatsapp/services/chat.service.go:17.79,20.19 3 0
github.com/moleculer-go/example-whatsapp/services/chat.service.go:24.5,33.19 4 0
github.com/moleculer-go/example-whatsapp/services/chat.service.go:37.5,39.6 1 0
github.com/moleculer-go/example-whatsapp/services/chat.service.go:20.19,23.6 2 0
github.com/moleculer-go/example-whatsapp/services/chat.service.go:33.19,36.6 2 0
github.com/moleculer-go/example-whatsapp/services/chat.service.go:56.74,59.16 3 0
github.com/moleculer-go/example-whatsapp/services/chat.service.go:63.2,63.55 1 0
github.com/moleculer-go/example-whatsapp/services/chat.service.go:59.16,62.3 2 0
github.com/moleculer-go/example-whatsapp/services/chat.service.go:73.44,74.54 1 0
github.com/moleculer-go/example-whatsapp/services/chat.service.go:81.2,81.16 1 0
github.com/moleculer-go/example-whatsapp/services/chat.service.go:84.2,84.48 1 0
github.com/moleculer-go/example-whatsapp/services/chat.service.go:74.54,80.3 5 0
github.com/moleculer-go/example-whatsapp/services/chat.service.go:81.16,83.3 1 0
github.com/moleculer-go/example-whatsapp/services/chat.service.go:87.69,107.2 3 0
github.com/moleculer-go/example-whatsapp/services/chat.service.go:109.66,113.16 4 0
github.com/moleculer-go/example-whatsapp/services/chat.service.go:117.2,118.16 2 0
github.com/moleculer-go/example-whatsapp/services/chat.service.go:122.2,122.35 1 0
github.com/moleculer-go/example-whatsapp/services/chat.service.go:113.16,116.3 2 0
github.com/moleculer-go/example-whatsapp/services/chat.service.go:118.16,121.3 2 0
